  GameScreen.cpp
D:\c++\SnakeSFML\SnakeSFML\GameScreen.cpp(57,32): warning C4018: '>=': signed/unsigned mismatch
D:\c++\SnakeSFML\SnakeSFML\GameScreen.cpp(87,18): warning C4244: 'argument': conversion from 'time_t' to 'unsigned int', possible loss of data
D:\c++\SnakeSFML\SnakeSFML\GameScreen.cpp(88,73): warning C4244: 'argument': conversion from 'float' to '_Ty', possible loss of data
D:\c++\SnakeSFML\SnakeSFML\GameScreen.cpp(88,73): warning C4244:         with
D:\c++\SnakeSFML\SnakeSFML\GameScreen.cpp(88,73): warning C4244:         [
D:\c++\SnakeSFML\SnakeSFML\GameScreen.cpp(88,73): warning C4244:             _Ty=int
D:\c++\SnakeSFML\SnakeSFML\GameScreen.cpp(88,73): warning C4244:         ]
D:\c++\SnakeSFML\SnakeSFML\GameScreen.cpp(89,74): warning C4244: 'argument': conversion from 'float' to '_Ty', possible loss of data
D:\c++\SnakeSFML\SnakeSFML\GameScreen.cpp(89,74): warning C4244:         with
D:\c++\SnakeSFML\SnakeSFML\GameScreen.cpp(89,74): warning C4244:         [
D:\c++\SnakeSFML\SnakeSFML\GameScreen.cpp(89,74): warning C4244:             _Ty=int
D:\c++\SnakeSFML\SnakeSFML\GameScreen.cpp(89,74): warning C4244:         ]
D:\c++\SnakeSFML\SnakeSFML\GameScreen.cpp(91,74): warning C4244: 'argument': conversion from 'int' to 'T', possible loss of data
D:\c++\SnakeSFML\SnakeSFML\GameScreen.cpp(91,74): warning C4244:         with
D:\c++\SnakeSFML\SnakeSFML\GameScreen.cpp(91,74): warning C4244:         [
D:\c++\SnakeSFML\SnakeSFML\GameScreen.cpp(91,74): warning C4244:             T=float
D:\c++\SnakeSFML\SnakeSFML\GameScreen.cpp(91,74): warning C4244:         ]
D:\c++\SnakeSFML\SnakeSFML\GameScreen.cpp(91,51): warning C4244: 'argument': conversion from 'int' to 'T', possible loss of data
D:\c++\SnakeSFML\SnakeSFML\GameScreen.cpp(91,51): warning C4244:         with
D:\c++\SnakeSFML\SnakeSFML\GameScreen.cpp(91,51): warning C4244:         [
D:\c++\SnakeSFML\SnakeSFML\GameScreen.cpp(91,51): warning C4244:             T=float
D:\c++\SnakeSFML\SnakeSFML\GameScreen.cpp(91,51): warning C4244:         ]
  SnakeSFML.vcxproj -> D:\c++\SnakeSFML\x64\Debug\SnakeSFML.exe
